{"S:\\PROGRAM\\DUOC\\4th Semester\\P2\\FULLSTACK_PII\\level-up-gamer-React\\src\\context\\AuthContext.jsx": {"path":"S:\\PROGRAM\\DUOC\\4th Semester\\P2\\FULLSTACK_PII\\level-up-gamer-React\\src\\context\\AuthContext.jsx","statementMap":{"0":{"start":{"line":7,"column":21},"end":{"line":7,"column":null}},"1":{"start":{"line":9,"column":25},"end":{"line":9,"column":null}},"2":{"start":{"line":17,"column":18},"end":{"line":17,"column":52}},"3":{"start":{"line":19,"column":4},"end":{"line":19,"column":null}},"4":{"start":{"line":22,"column":4},"end":{"line":22,"column":null}},"5":{"start":{"line":31,"column":2},"end":{"line":31,"column":null}},"6":{"start":{"line":39,"column":6},"end":{"line":39,"column":35}},"7":{"start":{"line":47,"column":2},"end":{"line":47,"column":null}},"8":{"start":{"line":58,"column":16},"end":{"line":58,"column":56}},"9":{"start":{"line":62,"column":22},"end":{"line":69,"column":null}},"10":{"start":{"line":64,"column":19},"end":{"line":64,"column":59}},"11":{"start":{"line":65,"column":6},"end":{"line":65,"column":null}},"12":{"start":{"line":67,"column":6},"end":{"line":67,"column":null}},"13":{"start":{"line":73,"column":2},"end":{"line":75,"column":null}},"14":{"start":{"line":74,"column":4},"end":{"line":74,"column":null}},"15":{"start":{"line":79,"column":2},"end":{"line":87,"column":null}},"16":{"start":{"line":82,"column":6},"end":{"line":82,"column":null}},"17":{"start":{"line":85,"column":6},"end":{"line":85,"column":null}},"18":{"start":{"line":99,"column":4},"end":{"line":140,"column":null}},"19":{"start":{"line":102,"column":8},"end":{"line":102,"column":null}},"20":{"start":{"line":105,"column":8},"end":{"line":105,"column":null}},"21":{"start":{"line":109,"column":26},"end":{"line":109,"column":103}},"22":{"start":{"line":109,"column":45},"end":{"line":109,"column":102}},"23":{"start":{"line":111,"column":8},"end":{"line":111,"column":null}},"24":{"start":{"line":115,"column":24},"end":{"line":115,"column":83}},"25":{"start":{"line":115,"column":43},"end":{"line":115,"column":82}},"26":{"start":{"line":117,"column":8},"end":{"line":117,"column":null}},"27":{"start":{"line":121,"column":33},"end":{"line":121,"column":84}},"28":{"start":{"line":124,"column":22},"end":{"line":133,"column":null}},"29":{"start":{"line":137,"column":6},"end":{"line":137,"column":null}},"30":{"start":{"line":138,"column":6},"end":{"line":138,"column":null}},"31":{"start":{"line":139,"column":6},"end":{"line":139,"column":null}},"32":{"start":{"line":153,"column":4},"end":{"line":165,"column":null}},"33":{"start":{"line":155,"column":19},"end":{"line":155,"column":87}},"34":{"start":{"line":155,"column":38},"end":{"line":155,"column":86}},"35":{"start":{"line":159,"column":8},"end":{"line":159,"column":null}},"36":{"start":{"line":160,"column":8},"end":{"line":160,"column":null}},"37":{"start":{"line":163,"column":8},"end":{"line":163,"column":null}},"38":{"start":{"line":177,"column":4},"end":{"line":177,"column":null}},"39":{"start":{"line":182,"column":16},"end":{"line":187,"column":null}},"40":{"start":{"line":190,"column":2},"end":{"line":190,"column":null}}},"fnMap":{"0":{"name":"(anonymous_0)","decl":{"start":{"line":62,"column":40},"end":{"line":62,"column":55}},"loc":{"start":{"line":62,"column":55},"end":{"line":69,"column":null}},"line":62},"1":{"name":"(anonymous_1)","decl":{"start":{"line":73,"column":2},"end":{"line":73,"column":18}},"loc":{"start":{"line":73,"column":18},"end":{"line":75,"column":6}},"line":73},"2":{"name":"(anonymous_2)","decl":{"start":{"line":79,"column":2},"end":{"line":79,"column":18}},"loc":{"start":{"line":79,"column":18},"end":{"line":87,"column":6}},"line":79},"3":{"name":"(anonymous_3)","decl":{"start":{"line":99,"column":15},"end":{"line":99,"column":24}},"loc":{"start":{"line":99,"column":44},"end":{"line":140,"column":null}},"line":99},"4":{"name":"(anonymous_4)","decl":{"start":{"line":109,"column":32},"end":{"line":109,"column":37}},"loc":{"start":{"line":109,"column":45},"end":{"line":109,"column":102}},"line":109},"5":{"name":"(anonymous_5)","decl":{"start":{"line":115,"column":30},"end":{"line":115,"column":35}},"loc":{"start":{"line":115,"column":43},"end":{"line":115,"column":82}},"line":115},"6":{"name":"(anonymous_6)","decl":{"start":{"line":153,"column":15},"end":{"line":153,"column":24}},"loc":{"start":{"line":153,"column":44},"end":{"line":165,"column":null}},"line":153},"7":{"name":"(anonymous_7)","decl":{"start":{"line":155,"column":25},"end":{"line":155,"column":30}},"loc":{"start":{"line":155,"column":38},"end":{"line":155,"column":86}},"line":155}},"branchMap":{"0":{"loc":{"start":{"line":19,"column":11},"end":{"line":19,"column":41}},"type":"cond-expr","locations":[{"start":{"line":19,"column":19},"end":{"line":19,"column":36}},{"start":{"line":19,"column":39},"end":{"line":19,"column":41}}],"line":19},"1":{"loc":{"start":{"line":65,"column":13},"end":{"line":65,"column":null}},"type":"cond-expr","locations":[{"start":{"line":65,"column":20},"end":{"line":65,"column":36}},{"start":{"line":65,"column":39},"end":{"line":65,"column":null}}],"line":65},"2":{"loc":{"start":{"line":158,"column":10},"end":{"line":158,"column":46}},"type":"binary-expr","locations":[{"start":{"line":158,"column":10},"end":{"line":158,"column":18}},{"start":{"line":158,"column":18},"end":{"line":158,"column":46}}],"line":158}},"s":{"0":1,"1":1,"2":0,"3":0,"4":0,"5":0,"6":1,"7":0,"8":0,"9":0,"10":0,"11":0,"12":0,"13":0,"14":0,"15":0,"16":0,"17":0,"18":0,"19":0,"20":0,"21":0,"22":0,"23":0,"24":0,"25":0,"26":0,"27":0,"28":0,"29":0,"30":0,"31":0,"32":0,"33":0,"34":0,"35":0,"36":0,"37":0,"38":0,"39":0,"40":0},"f":{"0":0,"1":0,"2":0,"3":0,"4":0,"5":0,"6":0,"7":0},"b":{"0":[0,0],"1":[0,0],"2":[0,0]},"meta":{"lastBranch":3,"lastFunction":8,"lastStatement":41,"seen":{"s:7:21:7:Infinity":0,"s:9:25:9:Infinity":1,"s:17:18:17:52":2,"s:19:4:19:Infinity":3,"b:19:19:19:36:19:39:19:41":0,"s:22:4:22:Infinity":4,"s:31:2:31:Infinity":5,"s:39:6:39:35":6,"s:47:2:47:Infinity":7,"s:58:16:58:56":8,"s:62:22:69:Infinity":9,"f:62:40:62:55":0,"s:64:19:64:59":10,"s:65:6:65:Infinity":11,"b:65:20:65:36:65:39:65:Infinity":1,"s:67:6:67:Infinity":12,"s:73:2:75:Infinity":13,"f:73:2:73:18":1,"s:74:4:74:Infinity":14,"s:79:2:87:Infinity":15,"f:79:2:79:18":2,"s:82:6:82:Infinity":16,"s:85:6:85:Infinity":17,"s:99:4:140:Infinity":18,"f:99:15:99:24":3,"s:102:8:102:Infinity":19,"s:105:8:105:Infinity":20,"s:109:26:109:103":21,"f:109:32:109:37":4,"s:109:45:109:102":22,"s:111:8:111:Infinity":23,"s:115:24:115:83":24,"f:115:30:115:35":5,"s:115:43:115:82":25,"s:117:8:117:Infinity":26,"s:121:33:121:84":27,"s:124:22:133:Infinity":28,"s:137:6:137:Infinity":29,"s:138:6:138:Infinity":30,"s:139:6:139:Infinity":31,"s:153:4:165:Infinity":32,"f:153:15:153:24":6,"s:155:19:155:87":33,"f:155:25:155:30":7,"s:155:38:155:86":34,"b:158:10:158:18:158:18:158:46":2,"s:159:8:159:Infinity":35,"s:160:8:160:Infinity":36,"s:163:8:163:Infinity":37,"s:177:4:177:Infinity":38,"s:182:16:187:Infinity":39,"s:190:2:190:Infinity":40}}}
,"S:\\PROGRAM\\DUOC\\4th Semester\\P2\\FULLSTACK_PII\\level-up-gamer-React\\src\\context\\CartContext.jsx": {"path":"S:\\PROGRAM\\DUOC\\4th Semester\\P2\\FULLSTACK_PII\\level-up-gamer-React\\src\\context\\CartContext.jsx","statementMap":{"0":{"start":{"line":10,"column":23},"end":{"line":16,"column":null}},"1":{"start":{"line":31,"column":22},"end":{"line":31,"column":null}},"2":{"start":{"line":32,"column":27},"end":{"line":32,"column":73}},"3":{"start":{"line":32,"column":46},"end":{"line":32,"column":73}},"4":{"start":{"line":36,"column":8},"end":{"line":40,"column":null}},"5":{"start":{"line":37,"column":10},"end":{"line":39,"column":null}},"6":{"start":{"line":43,"column":8},"end":{"line":43,"column":null}},"7":{"start":{"line":48,"column":19},"end":{"line":48,"column":null}},"8":{"start":{"line":50,"column":6},"end":{"line":50,"column":null}},"9":{"start":{"line":50,"column":34},"end":{"line":50,"column":53}},"10":{"start":{"line":54,"column":19},"end":{"line":54,"column":null}},"11":{"start":{"line":55,"column":6},"end":{"line":57,"column":null}},"12":{"start":{"line":56,"column":8},"end":{"line":56,"column":null}},"13":{"start":{"line":61,"column":19},"end":{"line":61,"column":null}},"14":{"start":{"line":62,"column":6},"end":{"line":67,"column":null}},"15":{"start":{"line":64,"column":8},"end":{"line":66,"column":null}},"16":{"start":{"line":71,"column":6},"end":{"line":71,"column":null}},"17":{"start":{"line":74,"column":6},"end":{"line":74,"column":null}},"18":{"start":{"line":85,"column":22},"end":{"line":85,"column":58}},"19":{"start":{"line":86,"column":4},"end":{"line":86,"column":null}},"20":{"start":{"line":88,"column":4},"end":{"line":88,"column":null}},"21":{"start":{"line":89,"column":4},"end":{"line":89,"column":null}},"22":{"start":{"line":94,"column":6},"end":{"line":94,"column":35}},"23":{"start":{"line":106,"column":15},"end":{"line":106,"column":70}},"24":{"start":{"line":109,"column":10},"end":{"line":109,"column":35}},"25":{"start":{"line":113,"column":2},"end":{"line":115,"column":null}},"26":{"start":{"line":114,"column":4},"end":{"line":114,"column":null}},"27":{"start":{"line":124,"column":4},"end":{"line":124,"column":null}},"28":{"start":{"line":127,"column":4},"end":{"line":127,"column":null}},"29":{"start":{"line":130,"column":4},"end":{"line":130,"column":null}},"30":{"start":{"line":133,"column":4},"end":{"line":133,"column":null}},"31":{"start":{"line":136,"column":4},"end":{"line":136,"column":null}},"32":{"start":{"line":145,"column":42},"end":{"line":160,"column":25}},"33":{"start":{"line":147,"column":23},"end":{"line":147,"column":73}},"34":{"start":{"line":147,"column":50},"end":{"line":147,"column":71}},"35":{"start":{"line":149,"column":21},"end":{"line":149,"column":84}},"36":{"start":{"line":149,"column":48},"end":{"line":149,"column":82}},"37":{"start":{"line":151,"column":19},"end":{"line":151,"column":null}},"38":{"start":{"line":154,"column":6},"end":{"line":154,"column":null}},"39":{"start":{"line":157,"column":22},"end":{"line":157,"column":null}},"40":{"start":{"line":159,"column":4},"end":{"line":159,"column":null}},"41":{"start":{"line":163,"column":16},"end":{"line":174,"column":null}},"42":{"start":{"line":176,"column":2},"end":{"line":176,"column":null}},"43":{"start":{"line":184,"column":8},"end":{"line":184,"column":41}},"44":{"start":{"line":188,"column":4},"end":{"line":188,"column":null}},"45":{"start":{"line":190,"column":2},"end":{"line":190,"column":null}}},"fnMap":{"0":{"name":"(anonymous_0)","decl":{"start":{"line":32,"column":33},"end":{"line":32,"column":38}},"loc":{"start":{"line":32,"column":46},"end":{"line":32,"column":73}},"line":32},"1":{"name":"(anonymous_1)","decl":{"start":{"line":36,"column":21},"end":{"line":36,"column":25}},"loc":{"start":{"line":37,"column":10},"end":{"line":39,"column":null}},"line":37},"2":{"name":"(anonymous_2)","decl":{"start":{"line":50,"column":19},"end":{"line":50,"column":26}},"loc":{"start":{"line":50,"column":34},"end":{"line":50,"column":53}},"line":50},"3":{"name":"(anonymous_3)","decl":{"start":{"line":55,"column":19},"end":{"line":55,"column":23}},"loc":{"start":{"line":56,"column":8},"end":{"line":56,"column":null}},"line":56},"4":{"name":"(anonymous_4)","decl":{"start":{"line":62,"column":19},"end":{"line":62,"column":23}},"loc":{"start":{"line":64,"column":8},"end":{"line":66,"column":null}},"line":64},"5":{"name":"(anonymous_5)","decl":{"start":{"line":113,"column":2},"end":{"line":113,"column":18}},"loc":{"start":{"line":113,"column":18},"end":{"line":115,"column":6}},"line":113},"6":{"name":"(anonymous_6)","decl":{"start":{"line":145,"column":56},"end":{"line":145,"column":70}},"loc":{"start":{"line":145,"column":70},"end":{"line":160,"column":6}},"line":145},"7":{"name":"(anonymous_7)","decl":{"start":{"line":147,"column":28},"end":{"line":147,"column":36}},"loc":{"start":{"line":147,"column":50},"end":{"line":147,"column":71}},"line":147},"8":{"name":"(anonymous_8)","decl":{"start":{"line":149,"column":26},"end":{"line":149,"column":34}},"loc":{"start":{"line":149,"column":48},"end":{"line":149,"column":82}},"line":149}},"branchMap":{"0":{"loc":{"start":{"line":37,"column":10},"end":{"line":39,"column":null}},"type":"cond-expr","locations":[{"start":{"line":38,"column":14},"end":{"line":38,"column":null}},{"start":{"line":39,"column":14},"end":{"line":39,"column":null}}],"line":37},"1":{"loc":{"start":{"line":56,"column":8},"end":{"line":56,"column":null}},"type":"cond-expr","locations":[{"start":{"line":56,"column":29},"end":{"line":56,"column":72}},{"start":{"line":56,"column":72},"end":{"line":56,"column":null}}],"line":56},"2":{"loc":{"start":{"line":64,"column":8},"end":{"line":66,"column":null}},"type":"cond-expr","locations":[{"start":{"line":65,"column":12},"end":{"line":65,"column":null}},{"start":{"line":66,"column":12},"end":{"line":66,"column":null}}],"line":64},"3":{"loc":{"start":{"line":64,"column":8},"end":{"line":64,"column":null}},"type":"binary-expr","locations":[{"start":{"line":64,"column":8},"end":{"line":64,"column":30}},{"start":{"line":64,"column":30},"end":{"line":64,"column":null}}],"line":64},"4":{"loc":{"start":{"line":86,"column":11},"end":{"line":86,"column":49}},"type":"cond-expr","locations":[{"start":{"line":86,"column":23},"end":{"line":86,"column":44}},{"start":{"line":86,"column":47},"end":{"line":86,"column":49}}],"line":86},"5":{"loc":{"start":{"line":153,"column":8},"end":{"line":153,"column":55}},"type":"binary-expr","locations":[{"start":{"line":153,"column":8},"end":{"line":153,"column":23}},{"start":{"line":153,"column":23},"end":{"line":153,"column":55}}],"line":153}},"s":{"0":1,"1":2,"2":2,"3":1,"4":1,"5":1,"6":1,"7":1,"8":1,"9":1,"10":0,"11":0,"12":0,"13":0,"14":0,"15":0,"16":0,"17":0,"18":0,"19":0,"20":0,"21":0,"22":1,"23":0,"24":0,"25":0,"26":0,"27":0,"28":0,"29":0,"30":0,"31":0,"32":0,"33":0,"34":0,"35":0,"36":0,"37":0,"38":0,"39":0,"40":0,"41":0,"42":0,"43":0,"44":0,"45":0},"f":{"0":1,"1":1,"2":1,"3":0,"4":0,"5":0,"6":0,"7":0,"8":0},"b":{"0":[1,0],"1":[0,0],"2":[0,0],"3":[0,0],"4":[0,0],"5":[0,0]},"meta":{"lastBranch":6,"lastFunction":9,"lastStatement":46,"seen":{"s:10:23:16:Infinity":0,"s:31:22:31:Infinity":1,"s:32:27:32:73":2,"f:32:33:32:38":0,"s:32:46:32:73":3,"s:36:8:40:Infinity":4,"f:36:21:36:25":1,"s:37:10:39:Infinity":5,"b:38:14:38:Infinity:39:14:39:Infinity":0,"s:43:8:43:Infinity":6,"s:48:19:48:Infinity":7,"s:50:6:50:Infinity":8,"f:50:19:50:26":2,"s:50:34:50:53":9,"s:54:19:54:Infinity":10,"s:55:6:57:Infinity":11,"f:55:19:55:23":3,"s:56:8:56:Infinity":12,"b:56:29:56:72:56:72:56:Infinity":1,"s:61:19:61:Infinity":13,"s:62:6:67:Infinity":14,"f:62:19:62:23":4,"s:64:8:66:Infinity":15,"b:65:12:65:Infinity:66:12:66:Infinity":2,"b:64:8:64:30:64:30:64:Infinity":3,"s:71:6:71:Infinity":16,"s:74:6:74:Infinity":17,"s:85:22:85:58":18,"s:86:4:86:Infinity":19,"b:86:23:86:44:86:47:86:49":4,"s:88:4:88:Infinity":20,"s:89:4:89:Infinity":21,"s:94:6:94:35":22,"s:106:15:106:70":23,"s:109:10:109:35":24,"s:113:2:115:Infinity":25,"f:113:2:113:18":5,"s:114:4:114:Infinity":26,"s:124:4:124:Infinity":27,"s:127:4:127:Infinity":28,"s:130:4:130:Infinity":29,"s:133:4:133:Infinity":30,"s:136:4:136:Infinity":31,"s:145:42:160:25":32,"f:145:56:145:70":6,"s:147:23:147:73":33,"f:147:28:147:36":7,"s:147:50:147:71":34,"s:149:21:149:84":35,"f:149:26:149:34":8,"s:149:48:149:82":36,"s:151:19:151:Infinity":37,"b:153:8:153:23:153:23:153:55":5,"s:154:6:154:Infinity":38,"s:157:22:157:Infinity":39,"s:159:4:159:Infinity":40,"s:163:16:174:Infinity":41,"s:176:2:176:Infinity":42,"s:184:8:184:41":43,"s:188:4:188:Infinity":44,"s:190:2:190:Infinity":45}}}
,"S:\\PROGRAM\\DUOC\\4th Semester\\P2\\FULLSTACK_PII\\level-up-gamer-React\\src\\utils\\formatter.js": {"path":"S:\\PROGRAM\\DUOC\\4th Semester\\P2\\FULLSTACK_PII\\level-up-gamer-React\\src\\utils\\formatter.js","statementMap":{"0":{"start":{"line":16,"column":2},"end":{"line":19,"column":null}}},"fnMap":{},"branchMap":{},"s":{"0":2},"f":{},"b":{},"meta":{"lastBranch":0,"lastFunction":0,"lastStatement":1,"seen":{"s:16:2:19:Infinity":0}}}
}
